# JRE version: OpenJDK Runtime Environment (8.0_202-b03) (build 1.8.0_202-release-1483-b03)
# Java VM: OpenJDK 64-Bit Server VM (25.202-b03 mixed mode windows-amd64 compressed oops)
Heap:
 PSYoungGen      total 453632K, used 108644K [0x00000000e0000000, 0x00000000ffa80000, 0x0000000100000000)
  eden space 395776K, 23% used [0x00000000e0000000,0x00000000e5c64bd0,0x00000000f8280000)
  from space 57856K, 24% used [0x00000000fc200000,0x00000000fcfb46c8,0x00000000ffa80000)
  to   space 61440K, 0% used [0x00000000f8280000,0x00000000f8280000,0x00000000fbe80000)
 ParOldGen       total 424960K, used 108881K [0x00000000a0000000, 0x00000000b9f00000, 0x00000000e0000000)
  object space 424960K, 25% used [0x00000000a0000000,0x00000000a6a54690,0x00000000b9f00000)
 Metaspace       used 111098K, capacity 120102K, committed 120320K, reserved 1155072K
  class space    used 13856K, capacity 15319K, committed 15360K, reserved 1048576K
GC Heap History (10 events):
Event: 5560.839 GC heap before
{Heap before GC invocations=70 (full 4):
 PSYoungGen      total 460800K, used 434324K [0x00000000e0000000, 0x0000000100000000, 0x0000000100000000)
  eden space 397312K, 100% used [0x00000000e0000000,0x00000000f8400000,0x00000000f8400000)
  from space 63488K, 58% used [0x00000000f8400000,0x00000000fa825340,0x00000000fc200000)
  to   space 63488K, 0% used [0x00000000fc200000,0x00000000fc200000,0x0000000100000000)
 ParOldGen       total 424960K, used 108841K [0x00000000a0000000, 0x00000000b9f00000, 0x00000000e0000000)
  object space 424960K, 25% used [0x00000000a0000000,0x00000000a6a4a690,0x00000000b9f00000)
 Metaspace       used 109345K, capacity 117714K, committed 118016K, reserved 1153024K
  class space    used 13623K, capacity 14981K, committed 15104K, reserved 1048576K
Event: 5560.854 GC heap after
Heap after GC invocations=70 (full 4):
 PSYoungGen      total 460800K, used 7665K [0x00000000e0000000, 0x0000000100000000, 0x0000000100000000)
  eden space 397312K, 0% used [0x00000000e0000000,0x00000000e0000000,0x00000000f8400000)
  from space 63488K, 12% used [0x00000000fc200000,0x00000000fc97c668,0x0000000100000000)
  to   space 63488K, 0% used [0x00000000f8400000,0x00000000f8400000,0x00000000fc200000)
 ParOldGen       total 424960K, used 108849K [0x00000000a0000000, 0x00000000b9f00000, 0x00000000e0000000)
  object space 424960K, 25% used [0x00000000a0000000,0x00000000a6a4c690,0x00000000b9f00000)
 Metaspace       used 109345K, capacity 117714K, committed 118016K, reserved 1153024K
  class space    used 13623K, capacity 14981K, committed 15104K, reserved 1048576K
}
Event: 5566.786 GC heap before
{Heap before GC invocations=71 (full 4):
 PSYoungGen      total 460800K, used 404977K [0x00000000e0000000, 0x0000000100000000, 0x0000000100000000)
  eden space 397312K, 100% used [0x00000000e0000000,0x00000000f8400000,0x00000000f8400000)
  from space 63488K, 12% used [0x00000000fc200000,0x00000000fc97c668,0x0000000100000000)
  to   space 63488K, 0% used [0x00000000f8400000,0x00000000f8400000,0x00000000fc200000)
 ParOldGen       total 424960K, used 108849K [0x00000000a0000000, 0x00000000b9f00000, 0x00000000e0000000)
  object space 424960K, 25% used [0x00000000a0000000,0x00000000a6a4c690,0x00000000b9f00000)
 Metaspace       used 109836K, capacity 118260K, committed 118528K, reserved 1153024K
  class space    used 13684K, capacity 15073K, committed 15104K, reserved 1048576K
Event: 5566.798 GC heap after
Heap after GC invocations=71 (full 4):
 PSYoungGen      total 409088K, used 11414K [0x00000000e0000000, 0x00000000ffd00000, 0x0000000100000000)
  eden space 397312K, 0% used [0x00000000e0000000,0x00000000e0000000,0x00000000f8400000)
  from space 11776K, 96% used [0x00000000f8400000,0x00000000f8f259d0,0x00000000f8f80000)
  to   space 61952K, 0% used [0x00000000fc080000,0x00000000fc080000,0x00000000ffd00000)
 ParOldGen       total 424960K, used 108857K [0x00000000a0000000, 0x00000000b9f00000, 0x00000000e0000000)
  object space 424960K, 25% used [0x00000000a0000000,0x00000000a6a4e690,0x00000000b9f00000)
 Metaspace       used 109836K, capacity 118260K, committed 118528K, reserved 1153024K
  class space    used 13684K, capacity 15073K, committed 15104K, reserved 1048576K
}
Event: 5727.550 GC heap before
{Heap before GC invocations=72 (full 4):
 PSYoungGen      total 409088K, used 408726K [0x00000000e0000000, 0x00000000ffd00000, 0x0000000100000000)
  eden space 397312K, 100% used [0x00000000e0000000,0x00000000f8400000,0x00000000f8400000)
  from space 11776K, 96% used [0x00000000f8400000,0x00000000f8f259d0,0x00000000f8f80000)
  to   space 61952K, 0% used [0x00000000fc080000,0x00000000fc080000,0x00000000ffd00000)
 ParOldGen       total 424960K, used 108857K [0x00000000a0000000, 0x00000000b9f00000, 0x00000000e0000000)
  object space 424960K, 25% used [0x00000000a0000000,0x00000000a6a4e690,0x00000000b9f00000)
 Metaspace       used 110683K, capacity 119648K, committed 119808K, reserved 1153024K
  class space    used 13817K, capacity 15280K, committed 15360K, reserved 1048576K
Event: 5727.581 GC heap after
Heap after GC invocations=72 (full 4):
 PSYoungGen      total 456192K, used 42394K [0x00000000e0000000, 0x0000000100000000, 0x0000000100000000)
  eden space 394240K, 0% used [0x00000000e0000000,0x00000000e0000000,0x00000000f8100000)
  from space 61952K, 68% used [0x00000000fc080000,0x00000000fe9e6ad0,0x00000000ffd00000)
  to   space 65024K, 0% used [0x00000000f8100000,0x00000000f8100000,0x00000000fc080000)
 ParOldGen       total 424960K, used 108865K [0x00000000a0000000, 0x00000000b9f00000, 0x00000000e0000000)
  object space 424960K, 25% used [0x00000000a0000000,0x00000000a6a50690,0x00000000b9f00000)
 Metaspace       used 110683K, capacity 119648K, committed 119808K, reserved 1153024K
  class space    used 13817K, capacity 15280K, committed 15360K, reserved 1048576K
}
Event: 5805.698 GC heap before
{Heap before GC invocations=73 (full 4):
 PSYoungGen      total 456192K, used 436634K [0x00000000e0000000, 0x0000000100000000, 0x0000000100000000)
  eden space 394240K, 100% used [0x00000000e0000000,0x00000000f8100000,0x00000000f8100000)
  from space 61952K, 68% used [0x00000000fc080000,0x00000000fe9e6ad0,0x00000000ffd00000)
  to   space 65024K, 0% used [0x00000000f8100000,0x00000000f8100000,0x00000000fc080000)
 ParOldGen       total 424960K, used 108865K [0x00000000a0000000, 0x00000000b9f00000, 0x00000000e0000000)
  object space 424960K, 25% used [0x00000000a0000000,0x00000000a6a50690,0x00000000b9f00000)
 Metaspace       used 110782K, capacity 119712K, committed 119808K, reserved 1153024K
  class space    used 13817K, capacity 15280K, committed 15360K, reserved 1048576K
Event: 5805.709 GC heap after
Heap after GC invocations=73 (full 4):
 PSYoungGen      total 459264K, used 12063K [0x00000000e0000000, 0x0000000100000000, 0x0000000100000000)
  eden space 394240K, 0% used [0x00000000e0000000,0x00000000e0000000,0x00000000f8100000)
  from space 65024K, 18% used [0x00000000f8100000,0x00000000f8cc7eb0,0x00000000fc080000)
  to   space 63488K, 0% used [0x00000000fc200000,0x00000000fc200000,0x0000000100000000)
 ParOldGen       total 424960K, used 108873K [0x00000000a0000000, 0x00000000b9f00000, 0x00000000e0000000)
  object space 424960K, 25% used [0x00000000a0000000,0x00000000a6a52690,0x00000000b9f00000)
 Metaspace       used 110782K, capacity 119712K, committed 119808K, reserved 1153024K
  class space    used 13817K, capacity 15280K, committed 15360K, reserved 1048576K
}
Event: 5869.889 GC heap before
{Heap before GC invocations=74 (full 4):
 PSYoungGen      total 459264K, used 406303K [0x00000000e0000000, 0x0000000100000000, 0x0000000100000000)
  eden space 394240K, 100% used [0x00000000e0000000,0x00000000f8100000,0x00000000f8100000)
  from space 65024K, 18% used [0x00000000f8100000,0x00000000f8cc7eb0,0x00000000fc080000)
  to   space 63488K, 0% used [0x00000000fc200000,0x00000000fc200000,0x0000000100000000)
 ParOldGen       total 424960K, used 108873K [0x00000000a0000000, 0x00000000b9f00000, 0x00000000e0000000)
  object space 424960K, 25% used [0x00000000a0000000,0x00000000a6a52690,0x00000000b9f00000)
 Metaspace       used 110905K, capacity 119906K, committed 120064K, reserved 1155072K
  class space    used 13826K, capacity 15297K, committed 15360K, reserved 1048576K
Event: 5869.905 GC heap after
Heap after GC invocations=74 (full 4):
 PSYoungGen      total 453632K, used 14033K [0x00000000e0000000, 0x00000000ffa80000, 0x0000000100000000)
  eden space 395776K, 0% used [0x00000000e0000000,0x00000000e0000000,0x00000000f8280000)
  from space 57856K, 24% used [0x00000000fc200000,0x00000000fcfb46c8,0x00000000ffa80000)
  to   space 61440K, 0% used [0x00000000f8280000,0x00000000f8280000,0x00000000fbe80000)
 ParOldGen       total 424960K, used 108881K [0x00000000a0000000, 0x00000000b9f00000, 0x00000000e0000000)
  object space 424960K, 25% used [0x00000000a0000000,0x00000000a6a54690,0x00000000b9f00000)
 Metaspace       used 110905K, capacity 119906K, committed 120064K, reserved 1155072K
  class space    used 13826K, capacity 15297K, committed 15360K, reserved 1048576K
}

